TN:
SF:routes_withdrawals.js
FN:12,requireAuth
FN:29,requireAdmin
FN:46,(anonymous_2)
FN:114,(anonymous_3)
FN:169,(anonymous_4)
FN:203,(anonymous_5)
FN:277,(anonymous_6)
FN:362,(anonymous_7)
FN:411,(anonymous_8)
FN:457,(anonymous_9)
FNF:10
FNH:2
FNDA:1,requireAuth
FNDA:0,requireAdmin
FNDA:1,(anonymous_2)
FNDA:0,(anonymous_3)
FNDA:0,(anonymous_4)
FNDA:0,(anonymous_5)
FNDA:0,(anonymous_6)
FNDA:0,(anonymous_7)
FNDA:0,(anonymous_8)
FNDA:0,(anonymous_9)
DA:6,1
DA:7,1
DA:15,1
DA:16,1
DA:17,0
DA:22,1
DA:23,1
DA:32,0
DA:33,0
DA:34,0
DA:39,0
DA:46,1
DA:47,1
DA:48,1
DA:49,1
DA:52,1
DA:53,1
DA:59,0
DA:60,0
DA:66,0
DA:68,0
DA:69,0
DA:70,0
DA:86,0
DA:91,0
DA:94,0
DA:96,0
DA:102,0
DA:103,0
DA:114,1
DA:115,0
DA:116,0
DA:117,0
DA:119,0
DA:121,0
DA:123,0
DA:124,0
DA:126,0
DA:127,0
DA:128,0
DA:132,0
DA:135,0
DA:138,0
DA:145,0
DA:147,0
DA:157,0
DA:158,0
DA:169,1
DA:170,0
DA:171,0
DA:172,0
DA:174,0
DA:175,0
DA:179,0
DA:180,0
DA:186,0
DA:191,0
DA:192,0
DA:203,1
DA:204,0
DA:205,0
DA:207,0
DA:209,0
DA:211,0
DA:212,0
DA:214,0
DA:215,0
DA:216,0
DA:219,0
DA:220,0
DA:221,0
DA:224,0
DA:225,0
DA:226,0
DA:229,0
DA:230,0
DA:231,0
DA:235,0
DA:240,0
DA:243,0
DA:253,0
DA:255,0
DA:265,0
DA:266,0
DA:277,1
DA:278,0
DA:279,0
DA:280,0
DA:283,0
DA:284,0
DA:290,0
DA:291,0
DA:297,0
DA:299,0
DA:300,0
DA:301,0
DA:307,0
DA:308,0
DA:315,0
DA:316,0
DA:318,0
DA:319,0
DA:320,0
DA:322,0
DA:329,0
DA:333,0
DA:334,0
DA:342,0
DA:344,0
DA:350,0
DA:351,0
DA:362,1
DA:363,0
DA:364,0
DA:366,0
DA:368,0
DA:369,0
DA:370,0
DA:376,0
DA:377,0
DA:384,0
DA:391,0
DA:393,0
DA:399,0
DA:400,0
DA:411,1
DA:412,0
DA:413,0
DA:414,0
DA:416,0
DA:418,0
DA:419,0
DA:420,0
DA:426,0
DA:427,0
DA:434,0
DA:440,0
DA:445,0
DA:446,0
DA:457,1
DA:458,0
DA:459,0
DA:461,0
DA:463,0
DA:464,0
DA:466,0
DA:467,0
DA:468,0
DA:471,0
DA:472,0
DA:473,0
DA:477,0
DA:489,0
DA:491,0
DA:503,0
DA:504,0
DA:511,1
LF:157
LH:20
BRDA:15,0,0,1
BRDA:15,0,1,0
BRDA:15,0,2,0
BRDA:16,1,0,0
BRDA:16,1,1,1
BRDA:32,2,0,0
BRDA:32,2,1,0
BRDA:33,3,0,0
BRDA:33,3,1,0
BRDA:52,4,0,1
BRDA:52,4,1,0
BRDA:52,5,0,1
BRDA:52,5,1,0
BRDA:52,5,2,0
BRDA:52,5,3,0
BRDA:59,6,0,0
BRDA:59,6,1,0
BRDA:69,7,0,0
BRDA:69,7,1,0
BRDA:117,8,0,0
BRDA:117,9,0,0
BRDA:126,10,0,0
BRDA:126,10,1,0
BRDA:179,11,0,0
BRDA:179,11,1,0
BRDA:205,12,0,0
BRDA:205,13,0,0
BRDA:214,14,0,0
BRDA:214,14,1,0
BRDA:219,15,0,0
BRDA:219,15,1,0
BRDA:224,16,0,0
BRDA:224,16,1,0
BRDA:229,17,0,0
BRDA:229,17,1,0
BRDA:283,18,0,0
BRDA:283,18,1,0
BRDA:283,19,0,0
BRDA:283,19,1,0
BRDA:290,20,0,0
BRDA:290,20,1,0
BRDA:290,21,0,0
BRDA:290,21,1,0
BRDA:300,22,0,0
BRDA:300,22,1,0
BRDA:307,23,0,0
BRDA:307,23,1,0
BRDA:318,24,0,0
BRDA:318,24,1,0
BRDA:347,25,0,0
BRDA:347,25,1,0
BRDA:369,26,0,0
BRDA:369,26,1,0
BRDA:376,27,0,0
BRDA:376,27,1,0
BRDA:419,28,0,0
BRDA:419,28,1,0
BRDA:426,29,0,0
BRDA:426,29,1,0
BRDA:466,30,0,0
BRDA:466,30,1,0
BRDA:471,31,0,0
BRDA:471,31,1,0
BRDA:494,32,0,0
BRDA:494,32,1,0
BRDA:495,33,0,0
BRDA:495,33,1,0
BRDA:496,34,0,0
BRDA:496,34,1,0
BRDA:497,35,0,0
BRDA:497,35,1,0
BRDA:498,36,0,0
BRDA:498,36,1,0
BRDA:499,37,0,0
BRDA:499,37,1,0
BRF:75
BRH:4
end_of_record
